[0624/180758.103:INFO:CONSOLE(5)] "ERROR TypeError: Cannot read property 'subscriptionType' of undefined", source: file:///C:/Program%20Files/Bizagi/Bizagi%20Modeler/ModelExplorer/model-explorer.js (5)
[0624/180759.681:INFO:CONSOLE(5)] "ERROR TypeError: Cannot read property 'subscriptionType' of undefined", source: file:///C:/Program%20Files/Bizagi/Bizagi%20Modeler/ModelExplorer/model-explorer.js (5)
[0624/181239.081:ERROR:cache_util_win.cc(21)] Unable to move the cache: Acceso denegado. (0x5)
[0624/181239.081:ERROR:cache_util.cc(139)] Unable to move cache folder C:\Users\jdpus\Downloads\BPMN\G3_Dev4tro T2_BPM_TI\cache\path1\Cache to C:\Users\jdpus\Downloads\BPMN\G3_Dev4tro T2_BPM_TI\cache\path1\old_Cache_000
[0624/181239.081:ERROR:disk_cache.cc(184)] Unable to create cache
[0624/181242.471:WARNING:value_store_frontend.cc(44)] Reading mhjfbmdgcfjbbpaeojofohoefgiehjai.alarms from  failed: IO error: .../LOCK: File currently in use. (ChromeMethodBFE: 15::LockFile::2)
[0624/181248.141:INFO:CONSOLE(5)] "ERROR TypeError: Cannot read property 'subscriptionType' of undefined", source: file:///C:/Program%20Files/Bizagi/Bizagi%20Modeler/ModelExplorer/model-explorer.js (5)
[0624/181249.731:INFO:CONSOLE(5)] "ERROR TypeError: Cannot read property 'subscriptionType' of undefined", source: file:///C:/Program%20Files/Bizagi/Bizagi%20Modeler/ModelExplorer/model-explorer.js (5)
[0624/190720.955:INFO:CONSOLE(4)] "MessageSend:: <<FrontEnd>> AuthenticationService.isAuthenticated() > hasToken: false", source: https://model.bizagi.com/authentication.370b06df02c311080477.js (4)
[0624/190722.979:INFO:CONSOLE(4)] "MessageSend:: <<FrontEnd>> desktop-data.service >> DesktopData.external >> ["authentication","openProxySettings","setProxySettings","openSupportLink","reloadPage","getUserEmail","executeAction","close","openLink","setWindowSize","isAlphaEnvironment","registryLogsMessages","equals","getHashCode","toString"]", source: https://model.bizagi.com/authentication.370b06df02c311080477.js (4)
[0624/190722.980:INFO:CONSOLE(4)] "MessageSend:: <<FrontEnd>> desktop-data.service >> DesktopData.replaceCurrentURLAuthenticationCalled: True", source: https://model.bizagi.com/authentication.370b06df02c311080477.js (4)
[0624/190722.987:INFO:CONSOLE(4)] "MessageSend:: <<FrontEnd>> desktop-data.service >> DesktopData.replaceCurrentURLAuthentication.pathname: /auth", source: https://model.bizagi.com/authentication.370b06df02c311080477.js (4)
[0624/190722.988:INFO:CONSOLE(4)] "MessageSend:: <<FrontEnd>> desktop-data.service >> DesktopData.replaceCurrentURLAuthentication.URLWindow.href: https://model.bizagi.com/auth?isModeler=true&lang=es&guid=642ff8b4-e435-40bf-b0dd-a4b97111a154&r=638863888151773233", source: https://model.bizagi.com/authentication.370b06df02c311080477.js (4)
[0624/190722.991:INFO:CONSOLE(4)] "MessageSend:: <<FrontEnd>> desktop-data.service >> DesktopData.replaceCurrentURLAuthentication() > return: False", source: https://model.bizagi.com/authentication.370b06df02c311080477.js (4)
[0624/190722.991:INFO:CONSOLE(4)] "MessageSend:: <<FrontEnd>>  AuthenticationService.replaceCurrentURLAuthenticationCalled: True", source: https://model.bizagi.com/authentication.370b06df02c311080477.js (4)
[0624/190722.991:INFO:CONSOLE(4)] "MessageSend:: <<FrontEnd>> AuthenticationService.authenticateWithOauthClient() >> tokenManagerService.getDesktopToken(): called > true", source: https://model.bizagi.com/authentication.370b06df02c311080477.js (4)
[0624/190722.992:INFO:CONSOLE(4)] "MessageSend:: <<FronEnd>> TokenManagerService.getDesktopToken::desktopData.getCredentials() >> Called: true", source: https://model.bizagi.com/authentication.370b06df02c311080477.js (4)
[0624/190722.992:INFO:CONSOLE(4)] "MessageSend:: <<FronEnd>> TokenManagerService.getDesktopToken():: Return >> "null or empty"", source: https://model.bizagi.com/authentication.370b06df02c311080477.js (4)
[0624/190724.238:INFO:CONSOLE(4)] "MessageSend:: <<FrontEnd>> AuthenticationService.authenticateWithOauthClient() >> oAuthService.initAndLogin()<Promise> : called > true", source: https://model.bizagi.com/authentication.370b06df02c311080477.js (4)
[0624/190724.239:INFO:CONSOLE(4)] "MessageSend:: <<FrontEnd>> AuthenticationService.authenticateWithOauthClient() >> oAuthService.getAccessToken() : called > true", source: https://model.bizagi.com/authentication.370b06df02c311080477.js (4)
[0624/190724.239:INFO:CONSOLE(4)] "MessageSend:: <<FrontEnd>> AuthenticationService.authenticateWithOauthClient() >> oAuthService.getAccessToken() : return > "Token null o empty"", source: https://model.bizagi.com/authentication.370b06df02c311080477.js (4)
[0624/190724.239:INFO:CONSOLE(4)] "MessageSend:: <<FrontEnd>> AuthenticationService.isAuthenticated.authenticateWithOauthClient: Called: True", source: https://model.bizagi.com/authentication.370b06df02c311080477.js (4)
[0624/190724.240:INFO:CONSOLE(4)] "MessageSend:: <<FrontEnd>> AuthenticationService.isAuthenticated() > return: True", source: https://model.bizagi.com/authentication.370b06df02c311080477.js (4)
[0624/190734.960:INFO:CONSOLE(5)] "ERROR TypeError: Cannot read property 'subscriptionType' of undefined", source: file:///C:/Program%20Files/Bizagi/Bizagi%20Modeler/ModelExplorer/model-explorer.js (5)
[0624/190736.550:INFO:CONSOLE(5)] "ERROR TypeError: Cannot read property 'subscriptionType' of undefined", source: file:///C:/Program%20Files/Bizagi/Bizagi%20Modeler/ModelExplorer/model-explorer.js (5)
[0624/190755.111:INFO:CONSOLE(5)] "ERROR TypeError: Cannot read property 'subscriptionType' of undefined", source: file:///C:/Program%20Files/Bizagi/Bizagi%20Modeler/ModelExplorer/model-explorer.js (5)
[0624/190900.353:INFO:CONSOLE(5)] "ERROR TypeError: Cannot read property 'subscriptionType' of undefined", source: file:///C:/Program%20Files/Bizagi/Bizagi%20Modeler/ModelExplorer/model-explorer.js (5)
[0624/190901.926:INFO:CONSOLE(5)] "ERROR TypeError: Cannot read property 'subscriptionType' of undefined", source: file:///C:/Program%20Files/Bizagi/Bizagi%20Modeler/ModelExplorer/model-explorer.js (5)
[0624/191207.028:INFO:CONSOLE(4)] "MessageSend:: <<FrontEnd>> AuthenticationService.isAuthenticated() > hasToken: false", source: https://model.bizagi.com/authentication.370b06df02c311080477.js (4)
[0624/191209.060:INFO:CONSOLE(4)] "MessageSend:: <<FrontEnd>> desktop-data.service >> DesktopData.external >> ["authentication","openProxySettings","setProxySettings","openSupportLink","reloadPage","getUserEmail","executeAction","close","openLink","setWindowSize","isAlphaEnvironment","registryLogsMessages","equals","getHashCode","toString"]", source: https://model.bizagi.com/authentication.370b06df02c311080477.js (4)
[0624/191209.063:INFO:CONSOLE(4)] "MessageSend:: <<FrontEnd>> desktop-data.service >> DesktopData.replaceCurrentURLAuthenticationCalled: True", source: https://model.bizagi.com/authentication.370b06df02c311080477.js (4)
[0624/191209.064:INFO:CONSOLE(4)] "MessageSend:: <<FrontEnd>> desktop-data.service >> DesktopData.replaceCurrentURLAuthentication.pathname: /auth", source: https://model.bizagi.com/authentication.370b06df02c311080477.js (4)
[0624/191209.064:INFO:CONSOLE(4)] "MessageSend:: <<FrontEnd>> desktop-data.service >> DesktopData.replaceCurrentURLAuthentication.URLWindow.href: https://model.bizagi.com/auth?isModeler=true&lang=es&guid=642ff8b4-e435-40bf-b0dd-a4b97111a154&r=638863891241383775", source: https://model.bizagi.com/authentication.370b06df02c311080477.js (4)
[0624/191209.065:INFO:CONSOLE(4)] "MessageSend:: <<FrontEnd>> desktop-data.service >> DesktopData.replaceCurrentURLAuthentication() > return: False", source: https://model.bizagi.com/authentication.370b06df02c311080477.js (4)
[0624/191209.065:INFO:CONSOLE(4)] "MessageSend:: <<FrontEnd>>  AuthenticationService.replaceCurrentURLAuthenticationCalled: True", source: https://model.bizagi.com/authentication.370b06df02c311080477.js (4)
[0624/191209.066:INFO:CONSOLE(4)] "MessageSend:: <<FrontEnd>> AuthenticationService.authenticateWithOauthClient() >> tokenManagerService.getDesktopToken(): called > true", source: https://model.bizagi.com/authentication.370b06df02c311080477.js (4)
[0624/191209.069:INFO:CONSOLE(4)] "MessageSend:: <<FronEnd>> TokenManagerService.getDesktopToken::desktopData.getCredentials() >> Called: true", source: https://model.bizagi.com/authentication.370b06df02c311080477.js (4)
[0624/191209.069:INFO:CONSOLE(4)] "MessageSend:: <<FronEnd>> TokenManagerService.getDesktopToken():: Return >> "null or empty"", source: https://model.bizagi.com/authentication.370b06df02c311080477.js (4)
[0624/191209.323:INFO:CONSOLE(4)] "MessageSend:: <<FrontEnd>> AuthenticationService.authenticateWithOauthClient() >> oAuthService.initAndLogin()<Promise> : called > true", source: https://model.bizagi.com/authentication.370b06df02c311080477.js (4)
[0624/191209.323:INFO:CONSOLE(4)] "MessageSend:: <<FrontEnd>> AuthenticationService.authenticateWithOauthClient() >> oAuthService.getAccessToken() : called > true", source: https://model.bizagi.com/authentication.370b06df02c311080477.js (4)
[0624/191209.324:INFO:CONSOLE(4)] "MessageSend:: <<FrontEnd>> AuthenticationService.authenticateWithOauthClient() >> oAuthService.getAccessToken() : return > "Token null o empty"", source: https://model.bizagi.com/authentication.370b06df02c311080477.js (4)
[0624/191209.324:INFO:CONSOLE(4)] "MessageSend:: <<FrontEnd>> AuthenticationService.isAuthenticated.authenticateWithOauthClient: Called: True", source: https://model.bizagi.com/authentication.370b06df02c311080477.js (4)
[0624/191209.324:INFO:CONSOLE(4)] "MessageSend:: <<FrontEnd>> AuthenticationService.isAuthenticated() > return: True", source: https://model.bizagi.com/authentication.370b06df02c311080477.js (4)
[0624/191214.486:INFO:CONSOLE(1)] "Preflight request for request with keepalive specified is currently not supported", source: https://accounts.bizagi.com/2024_2_26__23_10_22/polyfills.js (1)
[0624/191216.813:INFO:CONSOLE(0)] "A cookie associated with a cross-site resource at https://741-tej-653.mktoresp.com/ was set without the `SameSite` attribute. A future release of Chrome will only deliver cookies with cross-site requests if they are set with `SameSite=None` and `Secure`. You can review cookies in developer tools under Application>Storage>Cookies and see more details at https://www.chromestatus.com/feature/5088147346030592 and https://www.chromestatus.com/feature/5633521622188032.", source: https://accounts.bizagi.com/?l=es (0)
[0624/191222.256:INFO:CONSOLE(1)] "Preflight request for request with keepalive specified is currently not supported", source: https://accounts.bizagi.com/2024_2_26__23_10_22/polyfills.js (1)
[0624/191228.084:INFO:CONSOLE(5)] "ERROR TypeError: Cannot read property 'subscriptionType' of undefined", source: file:///C:/Program%20Files/Bizagi/Bizagi%20Modeler/ModelExplorer/model-explorer.js (5)
[0624/191229.659:INFO:CONSOLE(5)] "ERROR TypeError: Cannot read property 'subscriptionType' of undefined", source: file:///C:/Program%20Files/Bizagi/Bizagi%20Modeler/ModelExplorer/model-explorer.js (5)
[0624/191807.585:INFO:CONSOLE(5)] "ERROR TypeError: Cannot read property 'subscriptionType' of undefined", source: file:///C:/Program%20Files/Bizagi/Bizagi%20Modeler/ModelExplorer/model-explorer.js (5)
[0624/221941.172:INFO:CONSOLE(4)] "MessageSend:: <<FrontEnd>> AuthenticationService.isAuthenticated() > hasToken: false", source: https://model.bizagi.com/authentication.370b06df02c311080477.js (4)
[0624/221954.245:INFO:CONSOLE(5)] "ERROR TypeError: Cannot read property 'subscriptionType' of undefined", source: file:///C:/Program%20Files/Bizagi/Bizagi%20Modeler/ModelExplorer/model-explorer.js (5)
[0624/221955.841:INFO:CONSOLE(5)] "ERROR TypeError: Cannot read property 'subscriptionType' of undefined", source: file:///C:/Program%20Files/Bizagi/Bizagi%20Modeler/ModelExplorer/model-explorer.js (5)
